FoodAR/unityLibrary/build/intermediates/manifest_merge_blame_file/debug/manifest-merger-blame-debug-report.txt
1<?xml version="1.0" encoding="utf-8"?>
2<!-- GENERATED BY UNITY. REMOVE THIS COMMENT TO PREVENT OVERWRITING WHEN EXPORTING AGAIN -->
3<manifest xmlns:android="http://schemas.android.com/apk/res/android"
4    xmlns:tools="http://schemas.android.com/tools"
5    package="com.unity3d.player"
6    android:versionCode="1"
7    android:versionName="0.1" >
8
9    <uses-sdk
10        android:minSdkVersion="24"
10-->src\main\AndroidManifest.xml
11        android:targetSdkVersion="30" />
11-->src\main\AndroidManifest.xml
12
13    <uses-feature android:glEsVersion="0x00030000" />
13-->src\main\AndroidManifest.xml:20:3-52
13-->src\main\AndroidManifest.xml:20:17-49
14
15    <uses-permission android:name="android.permission.INTERNET" />
15-->src\main\AndroidManifest.xml:21:3-65
15-->src\main\AndroidManifest.xml:21:20-62
16    <uses-permission android:name="android.permission.CHANGE_WIFI_MULTICAST_STATE" />
16-->src\main\AndroidManifest.xml:22:3-84
16-->src\main\AndroidManifest.xml:22:20-81
17
18    <uses-feature
18-->src\main\AndroidManifest.xml:23:3-88
19        android:name="android.hardware.touchscreen"
19-->src\main\AndroidManifest.xml:23:17-60
20        android:required="false" />
20-->src\main\AndroidManifest.xml:23:61-85
21    <uses-feature
21-->src\main\AndroidManifest.xml:24:3-99
22        android:name="android.hardware.touchscreen.multitouch"
22-->src\main\AndroidManifest.xml:24:17-71
23        android:required="false" />
23-->src\main\AndroidManifest.xml:24:72-96
24    <uses-feature
24-->src\main\AndroidManifest.xml:25:3-108
25        android:name="android.hardware.touchscreen.multitouch.distinct"
25-->src\main\AndroidManifest.xml:25:17-80
26        android:required="false" />
26-->src\main\AndroidManifest.xml:25:81-105
27
28    <uses-permission android:name="android.permission.CAMERA" />
28-->src\main\AndroidManifest.xml:26:3-63
28-->src\main\AndroidManifest.xml:26:20-60
29
30    <application>
30-->src\main\AndroidManifest.xml:4:3-19:17
31        <activity
31-->src\main\AndroidManifest.xml:5:5-12:16
32            android:name="com.unity3d.player.UnityPlayerActivity"
32-->src\main\AndroidManifest.xml:5:15-68
33            android:configChanges="mcc|mnc|locale|touchscreen|keyboard|keyboardHidden|navigation|orientation|screenLayout|uiMode|screenSize|smallestScreenSize|fontScale|layoutDirection|density"
33-->src\main\AndroidManifest.xml:5:182-363
34            android:hardwareAccelerated="false"
34-->src\main\AndroidManifest.xml:5:364-399
35            android:launchMode="singleTask"
35-->src\main\AndroidManifest.xml:5:150-181
36            android:screenOrientation="fullSensor"
36-->src\main\AndroidManifest.xml:5:111-149
37            android:theme="@style/UnityThemeSelector" >
37-->src\main\AndroidManifest.xml:5:69-110
38            <intent-filter>
38-->src\main\AndroidManifest.xml:6:7-9:23
39                <action android:name="android.intent.action.MAIN" />
39-->src\main\AndroidManifest.xml:7:9-61
39-->src\main\AndroidManifest.xml:7:17-58
40
41                <category android:name="android.intent.category.LAUNCHER" />
41-->src\main\AndroidManifest.xml:8:9-69
41-->src\main\AndroidManifest.xml:8:19-66
42            </intent-filter>
43
44            <meta-data
44-->src\main\AndroidManifest.xml:10:7-82
45                android:name="unityplayer.UnityActivity"
45-->src\main\AndroidManifest.xml:10:18-58
46                android:value="true" />
46-->src\main\AndroidManifest.xml:10:59-79
47            <meta-data
47-->src\main\AndroidManifest.xml:11:7-78
48                android:name="android.notch_support"
48-->src\main\AndroidManifest.xml:11:18-54
49                android:value="true" />
49-->src\main\AndroidManifest.xml:11:55-75
50        </activity>
51
52        <meta-data
52-->src\main\AndroidManifest.xml:13:5-69
53            android:name="unity.splash-mode"
53-->src\main\AndroidManifest.xml:13:16-48
54            android:value="0" />
54-->src\main\AndroidManifest.xml:13:49-66
55        <meta-data
55-->src\main\AndroidManifest.xml:14:5-74
56            android:name="unity.splash-enable"
56-->src\main\AndroidManifest.xml:14:16-50
57            android:value="True" />
57-->src\main\AndroidManifest.xml:14:51-71
58        <meta-data
58-->src\main\AndroidManifest.xml:15:5-81
59            android:name="notch.config"
59-->src\main\AndroidManifest.xml:15:16-43
60            android:value="portrait|landscape" />
60-->src\main\AndroidManifest.xml:15:44-78
61        <meta-data
61-->src\main\AndroidManifest.xml:16:5-101
62            android:name="unity.build-id"
62-->src\main\AndroidManifest.xml:16:16-45
63            android:value="2fd402bd-cb68-43c0-b2ec-3b5921cf7b17" />
63-->src\main\AndroidManifest.xml:16:46-98
64        <meta-data
64-->src\main\AndroidManifest.xml:17:5-88
65            android:name="unityplayer.SkipPermissionsDialog"
65-->src\main\AndroidManifest.xml:17:16-64
66            android:value="true" />
66-->src\main\AndroidManifest.xml:17:65-85
67        <meta-data
67-->src\main\AndroidManifest.xml:18:5-74
68            android:name="unity.arcore-enable"
68-->src\main\AndroidManifest.xml:18:16-50
69            android:value="true" />
69-->src\main\AndroidManifest.xml:18:51-71
70    </application>
71
72</manifest>